<?xml version="1.0" encoding="UTF-8"?>
<!-- Generated by org.testng.reporters.JUnitXMLReporter -->
<testsuite hostname="Randys-MBP.attlocal.net" name="Default test" tests="21" failures="0" timestamp="26 Aug 2016 06:29:11 GMT" time="0.057" errors="0">
  <testcase name="evaluate" time="0.01" classname="org.rnott.mock.evaluators.StringEvaluatorTest"/>
  <testcase name="evaluate" time="0.0" classname="org.rnott.mock.evaluators.StringEvaluatorTest"/>
  <testcase name="evaluate" time="0.0" classname="org.rnott.mock.evaluators.StringEvaluatorTest"/>
  <testcase name="evaluate" time="0.0" classname="org.rnott.mock.evaluators.StringEvaluatorTest"/>
  <testcase name="evaluate" time="0.001" classname="org.rnott.mock.evaluators.StringEvaluatorTest"/>
  <testcase name="evaluate" time="0.001" classname="org.rnott.mock.evaluators.StringEvaluatorTest"/>
  <testcase name="evaluate" time="0.001" classname="org.rnott.mock.evaluators.StringEvaluatorTest"/>
  <testcase name="evaluate" time="0.001" classname="org.rnott.mock.evaluators.StringEvaluatorTest"/>
  <testcase name="evaluate" time="0.001" classname="org.rnott.mock.evaluators.StringEvaluatorTest"/>
  <testcase name="evaluate" time="0.001" classname="org.rnott.mock.evaluators.StringEvaluatorTest"/>
  <testcase name="evaluate" time="0.001" classname="org.rnott.mock.evaluators.StringEvaluatorTest"/>
  <testcase name="evaluate" time="0.001" classname="org.rnott.mock.evaluators.StringEvaluatorTest"/>
  <testcase name="evaluate" time="0.001" classname="org.rnott.mock.evaluators.StringEvaluatorTest"/>
  <testcase name="evaluate_IllegalStateException" time="0.0" classname="org.rnott.mock.evaluators.StringEvaluatorTest"/>
  <testcase name="evaluate_IllegalStateException" time="0.0" classname="org.rnott.mock.evaluators.StringEvaluatorTest"/>
  <testcase name="evaluate_IllegalStateException" time="0.001" classname="org.rnott.mock.evaluators.StringEvaluatorTest"/>
  <testcase name="evaluate_IllegalStateException" time="0.0" classname="org.rnott.mock.evaluators.StringEvaluatorTest"/>
  <testcase name="evaluate_IllegalStateException" time="0.0" classname="org.rnott.mock.evaluators.StringEvaluatorTest"/>
  <testcase name="evaluate_IllegalStateException" time="0.001" classname="org.rnott.mock.evaluators.StringEvaluatorTest"/>
  <testcase name="evaluate_IllegalStateException" time="0.0" classname="org.rnott.mock.evaluators.StringEvaluatorTest"/>
  <testcase name="key" time="0.0" classname="org.rnott.mock.evaluators.StringEvaluatorTest"/>
</testsuite> <!-- Default test -->
